======================================== 
 RME Windows Build Script 
 Started: niedz. 25.01.2026 22:54:39,05 
======================================== 
[1/3] Configuring CMake... 
-- Running vcpkg install
Detecting compiler hash for triplet x64-windows...
Compiler found: C:/Program Files/Microsoft Visual Studio/2022/Community/VC/Tools/MSVC/14.44.35207/bin/Hostx64/x64/cl.exe
The following packages are already installed:
    asio:x64-windows@1.32.0
  * boost-algorithm:x64-windows@1.89.0
  * boost-align:x64-windows@1.89.0
  * boost-array:x64-windows@1.89.0
    boost-asio[core,deadline-timer,spawn]:x64-windows@1.89.0
  * boost-assert:x64-windows@1.89.0
  * boost-atomic:x64-windows@1.89.0
  * boost-bind:x64-windows@1.89.0
  * boost-chrono:x64-windows@1.89.0
  * boost-cmake:x64-windows@1.89.0
  * boost-concept-check:x64-windows@1.89.0
  * boost-config:x64-windows@1.89.0
  * boost-container:x64-windows@1.89.0
  * boost-container-hash:x64-windows@1.89.0
  * boost-context:x64-windows@1.89.0
  * boost-conversion:x64-windows@1.89.0
  * boost-core:x64-windows@1.89.0
  * boost-date-time:x64-windows@1.89.0
  * boost-describe:x64-windows@1.89.0
  * boost-detail:x64-windows@1.89.0
  * boost-exception:x64-windows@1.89.0
  * boost-function:x64-windows@1.89.0
  * boost-function-types:x64-windows@1.89.0
  * boost-functional:x64-windows@1.89.0
  * boost-fusion:x64-windows@1.89.0
  * boost-headers:x64-windows@1.89.0
  * boost-integer:x64-windows@1.89.0
  * boost-intrusive:x64-windows@1.89.0
  * boost-io:x64-windows@1.89.0
  * boost-iterator:x64-windows@1.89.0
  * boost-lexical-cast:x64-windows@1.89.0
  * boost-move:x64-windows@1.89.0
  * boost-mp11:x64-windows@1.89.0
  * boost-mpl:x64-windows@1.89.0
  * boost-numeric-conversion:x64-windows@1.89.0
  * boost-optional:x64-windows@1.89.0
  * boost-pool:x64-windows@1.89.0
  * boost-predef:x64-windows@1.89.0
  * boost-preprocessor:x64-windows@1.89.0
  * boost-range:x64-windows@1.89.0
  * boost-ratio:x64-windows@1.89.0
  * boost-regex:x64-windows@1.89.0
  * boost-smart-ptr:x64-windows@1.89.0
  * boost-static-assert:x64-windows@1.89.0
  * boost-system:x64-windows@1.89.0
    boost-thread:x64-windows@1.89.0
  * boost-throw-exception:x64-windows@1.89.0
  * boost-tokenizer:x64-windows@1.89.0
  * boost-tuple:x64-windows@1.89.0
  * boost-type-traits:x64-windows@1.89.0
  * boost-typeof:x64-windows@1.89.0
  * boost-uninstall:x64-windows@1.89.0
  * boost-unordered:x64-windows@1.89.0
  * boost-utility:x64-windows@1.89.0
  * boost-variant2:x64-windows@1.89.0
  * boost-winapi:x64-windows@1.89.0
  * bzip2[core,tool]:x64-windows@1.0.8#6
  * egl-registry:x64-windows@2025-05-27
  * expat:x64-windows@2.7.3
    fmt:x64-windows@12.1.0
    freeglut:x64-windows@3.6.0#2
    glad[core,loader]:x64-windows@0.1.36
    glm:x64-windows@1.0.2
    libarchive[bzip2,core,crypto,lz4,lzma,xar,zstd]:x64-windows@3.8.4
  * libjpeg-turbo:x64-windows@3.1.3
  * liblzma:x64-windows@5.8.1
  * libpng:x64-windows@1.6.53
  * libwebp[core,libwebpmux,nearlossless,simd,unicode]:x64-windows@1.6.0#2
  * lz4:x64-windows@1.10.0
  * nanosvg:x64-windows@2023-12-29
    nanovg:x64-windows@2019-08-30#6
    nlohmann-json:x64-windows@3.12.0#1
  * opengl:x64-windows@2022-12-04#3
  * opengl-registry:x64-windows@2025-10-23
  * openssl:x64-windows@3.6.0#3
  * pcre2[core,jit,platform-default-features]:x64-windows@10.47
    spdlog[core,fmt]:x64-windows@1.16.0#1
  * stb:x64-windows@2024-07-29#1
  * tiff[core,jpeg,lzma,zip]:x64-windows@4.7.1
  * vcpkg-boost:x64-windows@2025-03-29
  * vcpkg-cmake:x64-windows@2024-04-23
  * vcpkg-cmake-config:x64-windows@2024-05-23
  * vcpkg-cmake-get-vars:x64-windows@2025-05-29
    wxwidgets[core,debug-support,sound]:x64-windows@3.3.1
  * zlib:x64-windows@1.3.1
  * zstd:x64-windows@1.5.7
asio provides CMake targets:

  # this is heuristically generated, and may not be correct
  find_package(asio CONFIG REQUIRED)
  target_link_libraries(main PRIVATE asio::asio)

asio provides pkg-config modules:

  # A cross-platform C++ library for network and low-level I/O programming that provides developers with a consistent asynchronous model using a modern C++ approach.
  asio

boost-asio provides CMake targets:

  # this is heuristically generated, and may not be correct
  find_package(boost_asio CONFIG REQUIRED)
  target_link_libraries(main PRIVATE Boost::asio)

  find_package(boost_asio_core CONFIG REQUIRED)
  target_link_libraries(main PRIVATE Boost::asio_core)

  find_package(boost_asio_deadline_timer CONFIG REQUIRED)
  target_link_libraries(main PRIVATE Boost::asio_deadline_timer)

  find_package(boost_asio_spawn CONFIG REQUIRED)
  target_link_libraries(main PRIVATE Boost::asio_spawn)

boost-thread provides CMake targets:

  # this is heuristically generated, and may not be correct
  find_package(boost_thread CONFIG REQUIRED)
  target_link_libraries(main PRIVATE Boost::thread)

The package fmt provides CMake targets:

    find_package(fmt CONFIG REQUIRED)
    target_link_libraries(main PRIVATE fmt::fmt)

    # Or use the header-only version
    find_package(fmt CONFIG REQUIRED)
    target_link_libraries(main PRIVATE fmt::fmt-header-only)

freeglut provides CMake targets:

    find_package(FreeGLUT CONFIG REQUIRED)
    target_link_libraries(main PRIVATE $<IF:$<TARGET_EXISTS:FreeGLUT::freeglut>,FreeGLUT::freeglut,FreeGLUT::freeglut_static>)

freeglut is compatible with built-in CMake targets:

    find_package(GLUT REQUIRED)
    target_link_libraries(main PRIVATE GLUT::GLUT)

glad provides CMake targets:

  # this is heuristically generated, and may not be correct
  find_package(glad CONFIG REQUIRED)
  target_link_libraries(main PRIVATE glad::glad)

The package glm provides CMake targets:

    find_package(glm CONFIG REQUIRED)
    target_link_libraries(main PRIVATE glm::glm)

    # Or use the header-only version
    find_package(glm CONFIG REQUIRED)
    target_link_libraries(main PRIVATE glm::glm-header-only)

libarchive is compatible with the CMake Find Module:

  find_package(LibArchive REQUIRED)
  target_link_libraries(main PRIVATE LibArchive::LibArchive) # since CMake 3.17

libarchive provides pkg-config modules:

  # library that can create and read several streaming archive formats
  libarchive

nanovg provides CMake targets:

  # this is heuristically generated, and may not be correct
  find_package(nanovg CONFIG REQUIRED)
  target_link_libraries(main PRIVATE nanovg::nanovg)

The package nlohmann-json provides CMake targets:

    find_package(nlohmann_json CONFIG REQUIRED)
    target_link_libraries(main PRIVATE nlohmann_json::nlohmann_json)

The package nlohmann-json can be configured to not provide implicit conversions via a custom triplet file:

    set(nlohmann-json_IMPLICIT_CONVERSIONS OFF)

For more information, see the docs here:
    
    https://json.nlohmann.me/api/macros/json_use_implicit_conversions/

The package spdlog provides CMake targets:

    find_package(spdlog CONFIG REQUIRED)
    target_link_libraries(main PRIVATE spdlog::spdlog)

    # Or use the header-only version
    find_package(spdlog CONFIG REQUIRED)
    target_link_libraries(main PRIVATE spdlog::spdlog_header_only)

The package wxwidgets provides CMake targets:

    find_package(wxWidgets CONFIG REQUIRED)
    target_link_libraries(main PRIVATE wx::core wx::base)

All requested installations completed successfully in: 1.33 ms
-- Running vcpkg install - done
-- Selecting Windows SDK version 10.0.26100.0 to target Windows 10.0.26200.
-- Configuring done (2.4s)
-- Generating done (0.1s)
-- Build files have been written to: C:/Users/karol/Documents/GitHub/RME_v2/build
[2/3] Building Release... 
Wersja programu MSBuild 17.14.23+b0019275e dla .NET Framework

  Trwa skanowanie źródeł pod kątem zależności modułów...
  map_version_changer.cpp
  client_version.cpp
  wall_brush.cpp
  copybuffer.cpp
  creature_brush.cpp
  application.cpp
  editor_factory.cpp
  copy_operations.cpp
  preferences.cpp
  action.cpp
  brush.cpp
  brush_utility.cpp
  selection_operations.cpp
  editor.cpp
  draw_operations.cpp
  version_manager.cpp
  editor_tabs.cpp
  creatures.cpp
  selection.cpp
  items.cpp
  item.cpp
  live_server.cpp
  iomap_otbm.cpp
  editor_persistence.cpp
  iomap.cpp
  tileset_exporter.cpp
  materials.cpp
  live_socket.cpp
  live_client.cpp
  live_peer.cpp
  live_tab.cpp
  minimap_exporter.cpp
  map.cpp
  map_processor.cpp
  process_com.cpp
  live_cursor_drawer.cpp
  map_search.cpp
  palette_window.cpp
  animator.cpp
  palette_common.cpp
  palette_waypoints.cpp
  palette_brushlist.cpp
  palette_house.cpp
  map_statistics.cpp
  graphics.cpp
  brush_cursor_drawer.cpp
  palette_creature.cpp
  drawing_options.cpp
  creature_drawer.cpp
  item_drawer.cpp
  minimap_drawer.cpp
  grid_drawer.cpp
  shade_drawer.cpp
  drawing_controller.cpp
  map_drawer.cpp
  brush_selector.cpp
  preview_drawer.cpp
  brush_overlay_drawer.cpp
  sprite_drawer.cpp
  selection_drawer.cpp
  clipboard_handler.cpp
  map_status_updater.cpp
  keyboard_handler.cpp
  map_display.cpp
  minimap_window.cpp
  navigation_controller.cpp
  popup_action_handler.cpp
  selection_controller.cpp
  zoom_controller.cpp
  screenshot_controller.cpp
  dcbutton.cpp
  add_tileset_window.cpp
  sprite_icon_generator.cpp
  common_windows.cpp
  dialog_helper.cpp
  container_properties_window.cpp
  add_item_window.cpp
  dat_debug_view.cpp
  browse_tile_window.cpp
  about_window.cpp
  dialog_util.cpp
  find_item_window.cpp
  extension_window.cpp
  find_dialog.cpp
  towns_window.cpp
  map_properties_window.cpp
  import_map_window.cpp
  export_tilesets_window.cpp
  gui.cpp
  export_minimap_window.cpp
  main_menubar.cpp
  menubar_action_manager.cpp
  view_settings_handler.cpp
  map_actions_handler.cpp
  search_handler.cpp
  file_menu_handler.cpp
  navigation_menu_handler.cpp
  palette_menu_handler.cpp
  main_toolbar.cpp
  loading_manager.cpp
  minimap_manager.cpp
  layout_manager.cpp
  doodad_preview_manager.cpp
  status_manager.cpp
  brush_manager.cpp
  palette_manager.cpp
  welcome_manager.cpp
  map_window.cpp
  editor_manager.cpp
  map_tab.cpp
  search_manager.cpp
  map_popup_menu.cpp
  brush_toolbar.cpp
  position_toolbar.cpp
  size_toolbar.cpp
  light_toolbar.cpp
  standard_toolbar.cpp
  old_properties_window.cpp
  replace_items_window.cpp
  result_window.cpp
  properties_window.cpp
  tileset_window.cpp
  map_statistics_dialog.cpp
  live_dialogs.cpp
  Trwa kompilowanie…
  client_version.cpp
  draw_operations.cpp
  preferences.cpp
  map_version_changer.cpp
  brush.cpp
  wall_brush.cpp
  selection_operations.cpp
  brush_utility.cpp
  creature_brush.cpp
  copybuffer.cpp
  copy_operations.cpp
  application.cpp
  action.cpp
  editor.cpp
  editor_factory.cpp
  version_manager.cpp
  live_peer.cpp
  editor_persistence.cpp
  item.cpp
  iomap.cpp
  editor_tabs.cpp
  iomap_otbm.cpp
  live_tab.cpp
  live_socket.cpp
  selection.cpp
  materials.cpp
  live_client.cpp
  minimap_exporter.cpp
  tileset_exporter.cpp
  items.cpp
  creatures.cpp
  live_server.cpp
  map.cpp
  map_processor.cpp
  palette_window.cpp
  palette_house.cpp
  palette_common.cpp
  map_statistics.cpp
  animator.cpp
  brush_cursor_drawer.cpp
  process_com.cpp
  palette_brushlist.cpp
  map_search.cpp
  live_cursor_drawer.cpp
  graphics.cpp
  palette_waypoints.cpp
  palette_creature.cpp
  drawing_options.cpp
  creature_drawer.cpp
  sprite_drawer.cpp
  item_drawer.cpp
  grid_drawer.cpp
  minimap_drawer.cpp
  brush_overlay_drawer.cpp
  preview_drawer.cpp
  selection_drawer.cpp
  drawing_controller.cpp
  map_drawer.cpp
  clipboard_handler.cpp
  map_status_updater.cpp
  shade_drawer.cpp
  map_display.cpp
  keyboard_handler.cpp
  brush_selector.cpp
  minimap_window.cpp
  navigation_controller.cpp
  screenshot_controller.cpp
  popup_action_handler.cpp
  zoom_controller.cpp
  selection_controller.cpp
  sprite_icon_generator.cpp
  about_window.cpp
  add_item_window.cpp
  common_windows.cpp
  container_properties_window.cpp
  dat_debug_view.cpp
  dcbutton.cpp
  dialog_helper.cpp
  browse_tile_window.cpp
  add_tileset_window.cpp
  dialog_util.cpp
  extension_window.cpp
  find_dialog.cpp
  find_item_window.cpp
  map_properties_window.cpp
  towns_window.cpp
  import_map_window.cpp
  export_minimap_window.cpp
  main_menubar.cpp
  gui.cpp
  export_tilesets_window.cpp
  menubar_action_manager.cpp
  map_actions_handler.cpp
  search_handler.cpp
  file_menu_handler.cpp
  view_settings_handler.cpp
C:\Users\karol\Documents\GitHub\RME_v2\source\ui\dialogs\find_dialog.cpp(78,42): warning C4018: "<": niezgodność typu ze znakiem/bez znaku [C:\Users\karol\Documents\GitHub\RME_v2\build\rme.vcxproj]
  navigation_menu_handler.cpp
  palette_menu_handler.cpp
  loading_manager.cpp
  main_toolbar.cpp
  layout_manager.cpp
  minimap_manager.cpp
  doodad_preview_manager.cpp
  status_manager.cpp
  palette_manager.cpp
  brush_manager.cpp
  editor_manager.cpp
  welcome_manager.cpp
  search_manager.cpp
  map_popup_menu.cpp
  map_window.cpp
  map_tab.cpp
  brush_toolbar.cpp
  position_toolbar.cpp
  light_toolbar.cpp
  standard_toolbar.cpp
  size_toolbar.cpp
  old_properties_window.cpp
  properties_window.cpp
  replace_items_window.cpp
  result_window.cpp
  tileset_window.cpp
  map_statistics_dialog.cpp
  live_dialogs.cpp
  rme.vcxproj -> C:\Users\karol\Documents\GitHub\RME_v2\build\Release\rme.exe
======================================== 
 BUILD SUCCESSFUL 
 Output: C:\Users\karol\Documents\GitHub\RME_v2\build\Release\rme.exe 
 Finished: niedz. 25.01.2026 22:56:21,24 
======================================== 
